mode: set
github.com/MeLiger/backpack-bcgow6-german-torres/GoTesting/Arquitectura.GoWeb/internal/users/repository.go:36.47,40.2 1 1
github.com/MeLiger/backpack-bcgow6-german-torres/GoTesting/Arquitectura.GoWeb/internal/users/repository.go:42.124,45.39 3 0
github.com/MeLiger/backpack-bcgow6-german-torres/GoTesting/Arquitectura.GoWeb/internal/users/repository.go:48.2,49.39 2 0
github.com/MeLiger/backpack-bcgow6-german-torres/GoTesting/Arquitectura.GoWeb/internal/users/repository.go:52.2,53.18 2 0
github.com/MeLiger/backpack-bcgow6-german-torres/GoTesting/Arquitectura.GoWeb/internal/users/repository.go:45.39,47.3 1 0
github.com/MeLiger/backpack-bcgow6-german-torres/GoTesting/Arquitectura.GoWeb/internal/users/repository.go:49.39,51.3 1 0
github.com/MeLiger/backpack-bcgow6-german-torres/GoTesting/Arquitectura.GoWeb/internal/users/repository.go:56.47,58.39 2 1
github.com/MeLiger/backpack-bcgow6-german-torres/GoTesting/Arquitectura.GoWeb/internal/users/repository.go:62.2,62.16 1 1
github.com/MeLiger/backpack-bcgow6-german-torres/GoTesting/Arquitectura.GoWeb/internal/users/repository.go:58.39,60.3 1 0
github.com/MeLiger/backpack-bcgow6-german-torres/GoTesting/Arquitectura.GoWeb/internal/users/repository.go:65.44,67.39 2 0
github.com/MeLiger/backpack-bcgow6-german-torres/GoTesting/Arquitectura.GoWeb/internal/users/repository.go:70.2,70.18 1 0
github.com/MeLiger/backpack-bcgow6-german-torres/GoTesting/Arquitectura.GoWeb/internal/users/repository.go:74.2,74.30 1 0
github.com/MeLiger/backpack-bcgow6-german-torres/GoTesting/Arquitectura.GoWeb/internal/users/repository.go:67.39,69.3 1 0
github.com/MeLiger/backpack-bcgow6-german-torres/GoTesting/Arquitectura.GoWeb/internal/users/repository.go:70.18,72.3 1 0
github.com/MeLiger/backpack-bcgow6-german-torres/GoTesting/Arquitectura.GoWeb/internal/users/repository.go:77.118,80.23 3 0
github.com/MeLiger/backpack-bcgow6-german-torres/GoTesting/Arquitectura.GoWeb/internal/users/repository.go:87.2,87.14 1 0
github.com/MeLiger/backpack-bcgow6-german-torres/GoTesting/Arquitectura.GoWeb/internal/users/repository.go:90.2,90.18 1 0
github.com/MeLiger/backpack-bcgow6-german-torres/GoTesting/Arquitectura.GoWeb/internal/users/repository.go:80.23,81.24 1 0
github.com/MeLiger/backpack-bcgow6-german-torres/GoTesting/Arquitectura.GoWeb/internal/users/repository.go:81.24,85.4 3 0
github.com/MeLiger/backpack-bcgow6-german-torres/GoTesting/Arquitectura.GoWeb/internal/users/repository.go:87.14,89.3 1 0
github.com/MeLiger/backpack-bcgow6-german-torres/GoTesting/Arquitectura.GoWeb/internal/users/repository.go:93.43,96.23 3 0
github.com/MeLiger/backpack-bcgow6-german-torres/GoTesting/Arquitectura.GoWeb/internal/users/repository.go:102.2,102.14 1 0
github.com/MeLiger/backpack-bcgow6-german-torres/GoTesting/Arquitectura.GoWeb/internal/users/repository.go:105.2,106.12 2 0
github.com/MeLiger/backpack-bcgow6-german-torres/GoTesting/Arquitectura.GoWeb/internal/users/repository.go:96.23,97.24 1 0
github.com/MeLiger/backpack-bcgow6-german-torres/GoTesting/Arquitectura.GoWeb/internal/users/repository.go:97.24,100.4 2 0
github.com/MeLiger/backpack-bcgow6-german-torres/GoTesting/Arquitectura.GoWeb/internal/users/repository.go:102.14,104.3 1 0
github.com/MeLiger/backpack-bcgow6-german-torres/GoTesting/Arquitectura.GoWeb/internal/users/repository.go:109.80,112.23 3 0
github.com/MeLiger/backpack-bcgow6-german-torres/GoTesting/Arquitectura.GoWeb/internal/users/repository.go:119.2,119.23 1 0
github.com/MeLiger/backpack-bcgow6-german-torres/GoTesting/Arquitectura.GoWeb/internal/users/repository.go:126.2,126.14 1 0
github.com/MeLiger/backpack-bcgow6-german-torres/GoTesting/Arquitectura.GoWeb/internal/users/repository.go:129.2,129.15 1 0
github.com/MeLiger/backpack-bcgow6-german-torres/GoTesting/Arquitectura.GoWeb/internal/users/repository.go:112.23,113.24 1 0
github.com/MeLiger/backpack-bcgow6-german-torres/GoTesting/Arquitectura.GoWeb/internal/users/repository.go:113.24,117.4 3 0
github.com/MeLiger/backpack-bcgow6-german-torres/GoTesting/Arquitectura.GoWeb/internal/users/repository.go:119.23,120.24 1 0
github.com/MeLiger/backpack-bcgow6-german-torres/GoTesting/Arquitectura.GoWeb/internal/users/repository.go:120.24,124.4 3 0
github.com/MeLiger/backpack-bcgow6-german-torres/GoTesting/Arquitectura.GoWeb/internal/users/repository.go:126.14,128.3 1 0
github.com/MeLiger/backpack-bcgow6-german-torres/GoTesting/Arquitectura.GoWeb/internal/users/service.go:15.39,19.2 1 0
github.com/MeLiger/backpack-bcgow6-german-torres/GoTesting/Arquitectura.GoWeb/internal/users/service.go:21.44,23.16 2 0
github.com/MeLiger/backpack-bcgow6-german-torres/GoTesting/Arquitectura.GoWeb/internal/users/service.go:27.2,27.16 1 0
github.com/MeLiger/backpack-bcgow6-german-torres/GoTesting/Arquitectura.GoWeb/internal/users/service.go:23.16,25.3 1 0
github.com/MeLiger/backpack-bcgow6-german-torres/GoTesting/Arquitectura.GoWeb/internal/users/service.go:30.106,32.16 2 0
github.com/MeLiger/backpack-bcgow6-german-torres/GoTesting/Arquitectura.GoWeb/internal/users/service.go:36.2,39.16 3 0
github.com/MeLiger/backpack-bcgow6-german-torres/GoTesting/Arquitectura.GoWeb/internal/users/service.go:43.2,43.22 1 0
github.com/MeLiger/backpack-bcgow6-german-torres/GoTesting/Arquitectura.GoWeb/internal/users/service.go:32.16,34.3 1 0
github.com/MeLiger/backpack-bcgow6-german-torres/GoTesting/Arquitectura.GoWeb/internal/users/service.go:39.16,41.3 1 0
github.com/MeLiger/backpack-bcgow6-german-torres/GoTesting/Arquitectura.GoWeb/internal/users/service.go:46.115,48.2 1 0
github.com/MeLiger/backpack-bcgow6-german-torres/GoTesting/Arquitectura.GoWeb/internal/users/service.go:50.40,52.2 1 0
github.com/MeLiger/backpack-bcgow6-german-torres/GoTesting/Arquitectura.GoWeb/internal/users/service.go:53.77,56.2 1 0
github.com/MeLiger/backpack-bcgow6-german-torres/GoTesting/pkg/calculadora/calculadora.go:4.30,6.2 1 0
github.com/MeLiger/backpack-bcgow6-german-torres/GoTesting/pkg/calculadora/calculadora.go:9.30,11.2 1 1
github.com/MeLiger/backpack-bcgow6-german-torres/GoTesting/pkg/calculadora/division.go:8.37,9.14 1 1
github.com/MeLiger/backpack-bcgow6-german-torres/GoTesting/pkg/calculadora/division.go:13.2,13.23 1 0
github.com/MeLiger/backpack-bcgow6-german-torres/GoTesting/pkg/calculadora/division.go:9.14,11.3 1 1
github.com/MeLiger/backpack-bcgow6-german-torres/GoTesting/pkg/calculadora/ordenamiento.go:15.27,18.2 1 1
